Sat Dec 30 2023 15:34:57 } [PH] info: Server running on port undefined
Sat Dec 30 2023 15:35:22 } [PH] info: SIGTERM received
Sat Dec 30 2023 15:35:22 } [PH] info: Server running on port 5001
Sat Dec 30 2023 15:35:23 } [PH] info: SIGTERM received
Sat Dec 30 2023 15:35:24 } [PH] info: Server running on port 5001
Sat Dec 30 2023 15:36:7 } [PH] info: SIGTERM received
Sat Dec 30 2023 15:36:7 } [PH] info: Server running on port 5001
Sat Dec 30 2023 15:36:10 } [PH] info: SIGTERM received
Sat Dec 30 2023 15:36:11 } [PH] info: Server running on port 5001
Sat Dec 30 2023 15:36:45 } [PH] info: SIGTERM received
Sat Dec 30 2023 15:36:46 [PH] info: Server running on port 5001
Sat Dec 30 2023 15:37:2 [PH] info: Server running on port 5001
Sat Dec 30 2023 15:37:16 [PH] info: SIGTERM received
Sat Dec 30 2023 15:37:16 [PH] info: Server running on port 5001
Sat Dec 30 2023 15:37:39 [PH] info: SIGTERM received
Sat Dec 30 2023 15:37:40 info: Server running on port 5001
Sat Dec 30 2023 15:37:42 info: SIGTERM received
Sat Dec 30 2023 15:37:43 info: Server running on port 5001
Sat Dec 30 2023 15:38:40 info: SIGTERM received
 info: Server running on port 5001
 info: SIGTERM received
info: Server running on port 5001
info: SIGTERM received
info: Server running on port 5001 
info: SIGTERM received 
info: Server running on port 5001 - Sat Dec 30 2023 15:38:46
info: SIGTERM received - Sat Dec 30 2023 15:39:9
info: Server running on port 5001 - Sat Dec 30 2023 15:39:10
info: SIGTERM received - Sat Dec 30 2023 15:39:41
info: Server running on port 5001 - Sat Dec 30 2023 15:39:42
info: SIGTERM received - Sat Dec 30 2023 15:39:44
info: Server running on port 5001 - Sat Dec 30 2023 15:39:45
info: SIGTERM received - Sat Dec 30 2023 15:39:59
info: Server running on port 5001 - Sat Dec 30 2023 15:40:0
info: SIGTERM received - Sat Dec 30 2023 15:40:8
 Server running on port 5001 - Sat Dec 30 2023 15:40:8
 SIGTERM received - Sat Dec 30 2023 15:40:9
Server running on port 5001 - Sat Dec 30 2023 15:40:10
SIGTERM received - Sat Dec 30 2023 15:40:12
Server running on port 5001 - Sat Dec 30 2023 15:40:12
SIGTERM received - Sat Dec 30 2023 15:40:46
Server running on port 5001 - Sat Dec 30 2023 15:40:47
SIGTERM received - Sat Dec 30 2023 15:40:48
Server running on port 5001 - Sat Dec 30 2023 15:40:49
Server running on port 5001 - Sat Dec 30 2023 15:41:3
SIGTERM received - Sat Dec 30 2023 15:41:6
Server running on port 5001 - Sat Dec 30 2023 15:43:45
Database connected successfully - Sat Dec 30 2023 15:43:46
SIGTERM received - Sat Dec 30 2023 15:44:13
Server running on port 5001 - Sat Dec 30 2023 15:45:13
Database connected successfully - Sat Dec 30 2023 15:45:13
SIGTERM received - Sat Dec 30 2023 15:45:35
